01:08:49 **** Build of configuration Debug for project main_project ****
make all 
Building file: ../main.c
Invoking: AVR Compiler
avr-gcc -Wall -g2 -gstabs -O0 -fpack-struct -fshort-enums -ffunction-sections -fdata-sections -std=gnu99 -funsigned-char -funsigned-bitfields -mmcu=atmega32 -DF_CPU=1000000UL -MMD -MP -MF"main.d" -MT"main.o" -c -o "main.o" "../main.c"
Finished building: ../main.c
 
Building target: main_project.elf
Invoking: AVR C Linker
avr-gcc -Wl,-Map,main_project.map -mmcu=atmega32 -o "main_project.elf"  ./main.o   
Finished building target: main_project.elf
 
Invoking: AVR Create Extended Listing
avr-objdump -h -S main_project.elf  >"main_project.lss"
Finished building: main_project.lss
 
Create Flash image (ihex format)
avr-objcopy -R .eeprom -R .fuse -R .lock -R .signature -O ihex main_project.elf  "main_project.hex"
Finished building: main_project.hex
 
Invoking: Print Size
avr-size --format=avr --mcu=atmega32 main_project.elf
AVR Memory Usage
----------------
Device: atmega32

Program:     386 bytes (1.2% Full)
(.text + .data + .bootloader)

Data:          1 bytes (0.0% Full)
(.data + .bss + .noinit)


Finished building: sizedummy
 
01:13:44 **** Incremental Build of configuration Debug for project main_project ****
make all 
Building file: ../main.c
Invoking: AVR Compiler
avr-gcc -Wall -g2 -gstabs -O0 -fpack-struct -fshort-enums -ffunction-sections -fdata-sections -std=gnu99 -funsigned-char -funsigned-bitfields -mmcu=atmega32 -DF_CPU=1000000UL -MMD -MP -MF"main.d" -MT"main.o" -c -o "main.o" "../main.c"
Finished building: ../main.c
 
Building target: main_project.elf
Invoking: AVR C Linker
avr-gcc -Wl,-Map,main_project.map -mmcu=atmega32 -o "main_project.elf"  ./main.o   
Finished building target: main_project.elf
 
Invoking: AVR Create Extended Listing
avr-objdump -h -S main_project.elf  >"main_project.lss"
Finished building: main_project.lss
 
Create Flash image (ihex format)
avr-objcopy -R .eeprom -R .fuse -R .lock -R .signature -O ihex main_project.elf  "main_project.hex"
Finished building: main_project.hex
 
Invoking: Print Size
avr-size --format=avr --mcu=atmega32 main_project.elf
AVR Memory Usage
----------------
Device: atmega32

Program:     388 bytes (1.2% Full)
(.text + .data + .bootloader)

Data:          1 bytes (0.0% Full)
(.data + .bss + .noinit)


Finished building: sizedummy
 
01:13:56 **** Incremental Build of configuration Debug for project main_project ****
make all 
Invoking: Print Size
avr-size --format=avr --mcu=atmega32 main_project.elf
AVR Memory Usage
----------------
Device: atmega32

Program:     388 bytes (1.2% Full)
(.text + .data + .bootloader)

Data:          1 bytes (0.0% Full)
(.data + .bss + .noinit)


Finished building: sizedummy
 
01:16:41 **** Incremental Build of configuration Debug for project main_project ****
make all 
Building file: ../main.c
Invoking: AVR Compiler
avr-gcc -Wall -g2 -gstabs -O0 -fpack-struct -fshort-enums -ffunction-sections -fdata-sections -std=gnu99 -funsigned-char -funsigned-bitfields -mmcu=atmega32 -DF_CPU=1000000UL -MMD -MP -MF"main.d" -MT"main.o" -c -o "main.o" "../main.c"
Finished building: ../main.c
 
Building target: main_project.elf
Invoking: AVR C Linker
avr-gcc -Wl,-Map,main_project.map -mmcu=atmega32 -o "main_project.elf"  ./main.o   
Finished building target: main_project.elf
 
Invoking: AVR Create Extended Listing
avr-objdump -h -S main_project.elf  >"main_project.lss"
Finished building: main_project.lss
 
Create Flash image (ihex format)
avr-objcopy -R .eeprom -R .fuse -R .lock -R .signature -O ihex main_project.elf  "main_project.hex"
Finished building: main_project.hex
 
Invoking: Print Size
avr-size --format=avr --mcu=atmega32 main_project.elf
AVR Memory Usage
----------------
Device: atmega32

Program:     382 bytes (1.2% Full)
(.text + .data + .bootloader)

Data:          1 bytes (0.0% Full)
(.data + .bss + .noinit)


Finished building: sizedummy
 
02:59:43 **** Incremental Build of configuration Debug for project main_project ****
make all 
Building file: ../main.c
Invoking: AVR Compiler
avr-gcc -Wall -g2 -gstabs -O0 -fpack-struct -fshort-enums -ffunction-sections -fdata-sections -std=gnu99 -funsigned-char -funsigned-bitfields -mmcu=atmega32 -DF_CPU=1000000UL -MMD -MP -MF"main.d" -MT"main.o" -c -o "main.o" "../main.c"
In file included from ../main.c:3:
c:/winavr-20100110/lib/gcc/../../avr/include/util/delay.h:90:3: warning: #warning "Compiler optimizations disabled; functions from <util/delay.h> won't work as designed"
Finished building: ../main.c
 
Building target: main_project.elf
Invoking: AVR C Linker
avr-gcc -Wl,-Map,main_project.map -mmcu=atmega32 -o "main_project.elf"  ./main.o   
Finished building target: main_project.elf
 
Invoking: AVR Create Extended Listing
avr-objdump -h -S main_project.elf  >"main_project.lss"
Finished building: main_project.lss
 
Create Flash image (ihex format)
avr-objcopy -R .eeprom -R .fuse -R .lock -R .signature -O ihex main_project.elf  "main_project.hex"
Finished building: main_project.hex
 
Invoking: Print Size
avr-size --format=avr --mcu=atmega32 main_project.elf
AVR Memory Usage
----------------
Device: atmega32

Program:     402 bytes (1.2% Full)
(.text + .data + .bootloader)

Data:          2 bytes (0.1% Full)
(.data + .bss + .noinit)


Finished building: sizedummy
 
03:00:36 **** Incremental Build of configuration Debug for project main_project ****
make all 
Invoking: Print Size
avr-size --format=avr --mcu=atmega32 main_project.elf
AVR Memory Usage
----------------
Device: atmega32

Program:     402 bytes (1.2% Full)
(.text + .data + .bootloader)

Data:          2 bytes (0.1% Full)
(.data + .bss + .noinit)


Finished building: sizedummy
 
03:24:48 **** Incremental Build of configuration Debug for project main_project ****
make all 
Building file: ../main.c
Invoking: AVR Compiler
avr-gcc -Wall -g2 -gstabs -O0 -fpack-struct -fshort-enums -ffunction-sections -fdata-sections -std=gnu99 -funsigned-char -funsigned-bitfields -mmcu=atmega32 -DF_CPU=1000000UL -MMD -MP -MF"main.d" -MT"main.o" -c -o "main.o" "../main.c"
In file included from ../main.c:3:
c:/winavr-20100110/lib/gcc/../../avr/include/util/delay.h:90:3: warning: #warning "Compiler optimizations disabled; functions from <util/delay.h> won't work as designed"
../main.c: In function 'main':
../main.c:34: warning: unused variable 'hour'
../main.c:32: warning: unused variable 'min'
Finished building: ../main.c
 
Building target: main_project.elf
Invoking: AVR C Linker
avr-gcc -Wl,-Map,main_project.map -mmcu=atmega32 -o "main_project.elf"  ./main.o   
Finished building target: main_project.elf
 
Invoking: AVR Create Extended Listing
avr-objdump -h -S main_project.elf  >"main_project.lss"
Finished building: main_project.lss
 
Create Flash image (ihex format)
avr-objcopy -R .eeprom -R .fuse -R .lock -R .signature -O ihex main_project.elf  "main_project.hex"
Finished building: main_project.hex
 
Invoking: Print Size
avr-size --format=avr --mcu=atmega32 main_project.elf
AVR Memory Usage
----------------
Device: atmega32

Program:    3786 bytes (11.6% Full)
(.text + .data + .bootloader)

Data:         10 bytes (0.5% Full)
(.data + .bss + .noinit)


Finished building: sizedummy
 
03:26:03 **** Incremental Build of configuration Debug for project main_project ****
make all 
Building file: ../main.c
Invoking: AVR Compiler
avr-gcc -Wall -g2 -gstabs -O0 -fpack-struct -fshort-enums -ffunction-sections -fdata-sections -std=gnu99 -funsigned-char -funsigned-bitfields -mmcu=atmega32 -DF_CPU=1000000UL -MMD -MP -MF"main.d" -MT"main.o" -c -o "main.o" "../main.c"
In file included from ../main.c:3:
c:/winavr-20100110/lib/gcc/../../avr/include/util/delay.h:90:3: warning: #warning "Compiler optimizations disabled; functions from <util/delay.h> won't work as designed"
../main.c: In function 'main':
../main.c:34: warning: unused variable 'hour'
../main.c:32: warning: unused variable 'min'
Finished building: ../main.c
 
Building target: main_project.elf
Invoking: AVR C Linker
avr-gcc -Wl,-Map,main_project.map -mmcu=atmega32 -o "main_project.elf"  ./main.o   
Finished building target: main_project.elf
 
Invoking: AVR Create Extended Listing
avr-objdump -h -S main_project.elf  >"main_project.lss"
Finished building: main_project.lss
 
Create Flash image (ihex format)
avr-objcopy -R .eeprom -R .fuse -R .lock -R .signature -O ihex main_project.elf  "main_project.hex"
Finished building: main_project.hex
 
Invoking: Print Size
avr-size --format=avr --mcu=atmega32 main_project.elf
AVR Memory Usage
----------------
Device: atmega32

Program:    4014 bytes (12.2% Full)
(.text + .data + .bootloader)

Data:         10 bytes (0.5% Full)
(.data + .bss + .noinit)


Finished building: sizedummy
 
03:28:00 **** Incremental Build of configuration Debug for project main_project ****
make all 
Building file: ../main.c
Invoking: AVR Compiler
avr-gcc -Wall -g2 -gstabs -O0 -fpack-struct -fshort-enums -ffunction-sections -fdata-sections -std=gnu99 -funsigned-char -funsigned-bitfields -mmcu=atmega32 -DF_CPU=1000000UL -MMD -MP -MF"main.d" -MT"main.o" -c -o "main.o" "../main.c"
In file included from ../main.c:3:
c:/winavr-20100110/lib/gcc/../../avr/include/util/delay.h:90:3: warning: #warning "Compiler optimizations disabled; functions from <util/delay.h> won't work as designed"
../main.c: In function 'main':
../main.c:34: warning: unused variable 'hour'
../main.c:32: warning: unused variable 'min'
Finished building: ../main.c
 
Building target: main_project.elf
Invoking: AVR C Linker
avr-gcc -Wl,-Map,main_project.map -mmcu=atmega32 -o "main_project.elf"  ./main.o   
Finished building target: main_project.elf
 
Invoking: AVR Create Extended Listing
avr-objdump -h -S main_project.elf  >"main_project.lss"
Finished building: main_project.lss
 
Create Flash image (ihex format)
avr-objcopy -R .eeprom -R .fuse -R .lock -R .signature -O ihex main_project.elf  "main_project.hex"
Finished building: main_project.hex
 
Invoking: Print Size
avr-size --format=avr --mcu=atmega32 main_project.elf
AVR Memory Usage
----------------
Device: atmega32

Program:    4014 bytes (12.2% Full)
(.text + .data + .bootloader)

Data:         10 bytes (0.5% Full)
(.data + .bss + .noinit)


Finished building: sizedummy
 
03:30:58 **** Incremental Build of configuration Debug for project main_project ****
make all 
Building file: ../main.c
Invoking: AVR Compiler
avr-gcc -Wall -g2 -gstabs -O0 -fpack-struct -fshort-enums -ffunction-sections -fdata-sections -std=gnu99 -funsigned-char -funsigned-bitfields -mmcu=atmega32 -DF_CPU=1000000UL -MMD -MP -MF"main.d" -MT"main.o" -c -o "main.o" "../main.c"
In file included from ../main.c:3:
c:/winavr-20100110/lib/gcc/../../avr/include/util/delay.h:90:3: warning: #warning "Compiler optimizations disabled; functions from <util/delay.h> won't work as designed"
../main.c: In function 'main':
../main.c:34: warning: unused variable 'hour'
../main.c:32: warning: unused variable 'min'
Finished building: ../main.c
 
Building target: main_project.elf
Invoking: AVR C Linker
avr-gcc -Wl,-Map,main_project.map -mmcu=atmega32 -o "main_project.elf"  ./main.o   
Finished building target: main_project.elf
 
Invoking: AVR Create Extended Listing
avr-objdump -h -S main_project.elf  >"main_project.lss"
Finished building: main_project.lss
 
Create Flash image (ihex format)
avr-objcopy -R .eeprom -R .fuse -R .lock -R .signature -O ihex main_project.elf  "main_project.hex"
Finished building: main_project.hex
 
Invoking: Print Size
avr-size --format=avr --mcu=atmega32 main_project.elf
AVR Memory Usage
----------------
Device: atmega32

Program:    4014 bytes (12.2% Full)
(.text + .data + .bootloader)

Data:         10 bytes (0.5% Full)
(.data + .bss + .noinit)


Finished building: sizedummy
 
03:32:38 **** Incremental Build of configuration Debug for project main_project ****
make all 
Invoking: Print Size
avr-size --format=avr --mcu=atmega32 main_project.elf
AVR Memory Usage
----------------
Device: atmega32

Program:    4014 bytes (12.2% Full)
(.text + .data + .bootloader)

Data:         10 bytes (0.5% Full)
(.data + .bss + .noinit)


Finished building: sizedummy
 
03:33:37 **** Incremental Build of configuration Debug for project main_project ****
make all 
Building file: ../main.c
Invoking: AVR Compiler
avr-gcc -Wall -g2 -gstabs -O0 -fpack-struct -fshort-enums -ffunction-sections -fdata-sections -std=gnu99 -funsigned-char -funsigned-bitfields -mmcu=atmega32 -DF_CPU=1000000UL -MMD -MP -MF"main.d" -MT"main.o" -c -o "main.o" "../main.c"
In file included from ../main.c:3:
c:/winavr-20100110/lib/gcc/../../avr/include/util/delay.h:90:3: warning: #warning "Compiler optimizations disabled; functions from <util/delay.h> won't work as designed"
../main.c: In function 'main':
../main.c:34: warning: unused variable 'hour'
../main.c:32: warning: unused variable 'min'
Finished building: ../main.c
 
Building target: main_project.elf
Invoking: AVR C Linker
avr-gcc -Wl,-Map,main_project.map -mmcu=atmega32 -o "main_project.elf"  ./main.o   
Finished building target: main_project.elf
 
Invoking: AVR Create Extended Listing
avr-objdump -h -S main_project.elf  >"main_project.lss"
Finished building: main_project.lss
 
Create Flash image (ihex format)
avr-objcopy -R .eeprom -R .fuse -R .lock -R .signature -O ihex main_project.elf  "main_project.hex"
Finished building: main_project.hex
 
Invoking: Print Size
avr-size --format=avr --mcu=atmega32 main_project.elf
AVR Memory Usage
----------------
Device: atmega32

Program:    4014 bytes (12.2% Full)
(.text + .data + .bootloader)

Data:         10 bytes (0.5% Full)
(.data + .bss + .noinit)


Finished building: sizedummy
 
03:35:14 **** Incremental Build of configuration Debug for project main_project ****
make all 
Building file: ../main.c
Invoking: AVR Compiler
avr-gcc -Wall -g2 -gstabs -O0 -fpack-struct -fshort-enums -ffunction-sections -fdata-sections -std=gnu99 -funsigned-char -funsigned-bitfields -mmcu=atmega32 -DF_CPU=1000000UL -MMD -MP -MF"main.d" -MT"main.o" -c -o "main.o" "../main.c"
In file included from ../main.c:3:
c:/winavr-20100110/lib/gcc/../../avr/include/util/delay.h:90:3: warning: #warning "Compiler optimizations disabled; functions from <util/delay.h> won't work as designed"
../main.c: In function 'main':
../main.c:34: warning: unused variable 'hour'
../main.c:32: warning: unused variable 'min'
Finished building: ../main.c
 
Building target: main_project.elf
Invoking: AVR C Linker
avr-gcc -Wl,-Map,main_project.map -mmcu=atmega32 -o "main_project.elf"  ./main.o   
Finished building target: main_project.elf
 
Invoking: AVR Create Extended Listing
avr-objdump -h -S main_project.elf  >"main_project.lss"
Finished building: main_project.lss
 
Create Flash image (ihex format)
avr-objcopy -R .eeprom -R .fuse -R .lock -R .signature -O ihex main_project.elf  "main_project.hex"
Finished building: main_project.hex
 
Invoking: Print Size
avr-size --format=avr --mcu=atmega32 main_project.elf
AVR Memory Usage
----------------
Device: atmega32

Program:    4014 bytes (12.2% Full)
(.text + .data + .bootloader)

Data:         10 bytes (0.5% Full)
(.data + .bss + .noinit)


Finished building: sizedummy
 
03:39:12 **** Incremental Build of configuration Debug for project main_project ****
make all 
Building file: ../main.c
Invoking: AVR Compiler
avr-gcc -Wall -g2 -gstabs -O0 -fpack-struct -fshort-enums -ffunction-sections -fdata-sections -std=gnu99 -funsigned-char -funsigned-bitfields -mmcu=atmega32 -DF_CPU=1000000UL -MMD -MP -MF"main.d" -MT"main.o" -c -o "main.o" "../main.c"
In file included from ../main.c:3:
c:/winavr-20100110/lib/gcc/../../avr/include/util/delay.h:90:3: warning: #warning "Compiler optimizations disabled; functions from <util/delay.h> won't work as designed"
../main.c: In function 'main':
../main.c:34: warning: unused variable 'hour'
../main.c:32: warning: unused variable 'min'
Finished building: ../main.c
 
Building target: main_project.elf
Invoking: AVR C Linker
avr-gcc -Wl,-Map,main_project.map -mmcu=atmega32 -o "main_project.elf"  ./main.o   
Finished building target: main_project.elf
 
Invoking: AVR Create Extended Listing
avr-objdump -h -S main_project.elf  >"main_project.lss"
Finished building: main_project.lss
 
Create Flash image (ihex format)
avr-objcopy -R .eeprom -R .fuse -R .lock -R .signature -O ihex main_project.elf  "main_project.hex"
Finished building: main_project.hex
 
Invoking: Print Size
avr-size --format=avr --mcu=atmega32 main_project.elf
AVR Memory Usage
----------------
Device: atmega32

Program:    4010 bytes (12.2% Full)
(.text + .data + .bootloader)

Data:         10 bytes (0.5% Full)
(.data + .bss + .noinit)


Finished building: sizedummy
 
03:40:03 **** Incremental Build of configuration Debug for project main_project ****
make all 
Building file: ../main.c
Invoking: AVR Compiler
avr-gcc -Wall -g2 -gstabs -O0 -fpack-struct -fshort-enums -ffunction-sections -fdata-sections -std=gnu99 -funsigned-char -funsigned-bitfields -mmcu=atmega32 -DF_CPU=1000000UL -MMD -MP -MF"main.d" -MT"main.o" -c -o "main.o" "../main.c"
In file included from ../main.c:3:
c:/winavr-20100110/lib/gcc/../../avr/include/util/delay.h:90:3: warning: #warning "Compiler optimizations disabled; functions from <util/delay.h> won't work as designed"
../main.c: In function 'main':
../main.c:33: warning: unused variable 'hour'
../main.c:31: warning: unused variable 'min'
Finished building: ../main.c
 
Building target: main_project.elf
Invoking: AVR C Linker
avr-gcc -Wl,-Map,main_project.map -mmcu=atmega32 -o "main_project.elf"  ./main.o   
Finished building target: main_project.elf
 
Invoking: AVR Create Extended Listing
avr-objdump -h -S main_project.elf  >"main_project.lss"
Finished building: main_project.lss
 
Create Flash image (ihex format)
avr-objcopy -R .eeprom -R .fuse -R .lock -R .signature -O ihex main_project.elf  "main_project.hex"
Finished building: main_project.hex
 
Invoking: Print Size
avr-size --format=avr --mcu=atmega32 main_project.elf
AVR Memory Usage
----------------
Device: atmega32

Program:    3956 bytes (12.1% Full)
(.text + .data + .bootloader)

Data:         10 bytes (0.5% Full)
(.data + .bss + .noinit)


Finished building: sizedummy
 
03:50:35 **** Incremental Build of configuration Debug for project main_project ****
make all 
Building file: ../main.c
Invoking: AVR Compiler
avr-gcc -Wall -g2 -gstabs -O0 -fpack-struct -fshort-enums -ffunction-sections -fdata-sections -std=gnu99 -funsigned-char -funsigned-bitfields -mmcu=atmega32 -DF_CPU=1000000UL -MMD -MP -MF"main.d" -MT"main.o" -c -o "main.o" "../main.c"
In file included from ../main.c:3:
c:/winavr-20100110/lib/gcc/../../avr/include/util/delay.h:90:3: warning: #warning "Compiler optimizations disabled; functions from <util/delay.h> won't work as designed"
../main.c: In function 'main':
../main.c:51: warning: implicit declaration of function '_delay_ma'
Finished building: ../main.c
 
Building target: main_project.elf
Invoking: AVR C Linker
avr-gcc -Wl,-Map,main_project.map -mmcu=atmega32 -o "main_project.elf"  ./main.o   
./main.o: In function `setupTimer1':
../main.c:12: undefined reference to `_delay_ma'
make: *** [main_project.elf] Error 1
"make all" terminated with exit code 2. Build might be incomplete.
03:51:02 **** Incremental Build of configuration Debug for project main_project ****
make all 
Building file: ../main.c
Invoking: AVR Compiler
avr-gcc -Wall -g2 -gstabs -O0 -fpack-struct -fshort-enums -ffunction-sections -fdata-sections -std=gnu99 -funsigned-char -funsigned-bitfields -mmcu=atmega32 -DF_CPU=1000000UL -MMD -MP -MF"main.d" -MT"main.o" -c -o "main.o" "../main.c"
In file included from ../main.c:3:
c:/winavr-20100110/lib/gcc/../../avr/include/util/delay.h:90:3: warning: #warning "Compiler optimizations disabled; functions from <util/delay.h> won't work as designed"
Finished building: ../main.c
 
Building target: main_project.elf
Invoking: AVR C Linker
avr-gcc -Wl,-Map,main_project.map -mmcu=atmega32 -o "main_project.elf"  ./main.o   
Finished building target: main_project.elf
 
Invoking: AVR Create Extended Listing
avr-objdump -h -S main_project.elf  >"main_project.lss"
Finished building: main_project.lss
 
Create Flash image (ihex format)
avr-objcopy -R .eeprom -R .fuse -R .lock -R .signature -O ihex main_project.elf  "main_project.hex"
Finished building: main_project.hex
 
Invoking: Print Size
avr-size --format=avr --mcu=atmega32 main_project.elf
AVR Memory Usage
----------------
Device: atmega32

Program:    5360 bytes (16.4% Full)
(.text + .data + .bootloader)

Data:         10 bytes (0.5% Full)
(.data + .bss + .noinit)


Finished building: sizedummy
 
03:53:31 **** Incremental Build of configuration Debug for project main_project ****
make all 
Building file: ../main.c
Invoking: AVR Compiler
avr-gcc -Wall -g2 -gstabs -O0 -fpack-struct -fshort-enums -ffunction-sections -fdata-sections -std=gnu99 -funsigned-char -funsigned-bitfields -mmcu=atmega32 -DF_CPU=1000000UL -MMD -MP -MF"main.d" -MT"main.o" -c -o "main.o" "../main.c"
In file included from ../main.c:3:
c:/winavr-20100110/lib/gcc/../../avr/include/util/delay.h:90:3: warning: #warning "Compiler optimizations disabled; functions from <util/delay.h> won't work as designed"
Finished building: ../main.c
 
Building target: main_project.elf
Invoking: AVR C Linker
avr-gcc -Wl,-Map,main_project.map -mmcu=atmega32 -o "main_project.elf"  ./main.o   
Finished building target: main_project.elf
 
Invoking: AVR Create Extended Listing
avr-objdump -h -S main_project.elf  >"main_project.lss"
Finished building: main_project.lss
 
Create Flash image (ihex format)
avr-objcopy -R .eeprom -R .fuse -R .lock -R .signature -O ihex main_project.elf  "main_project.hex"
Finished building: main_project.hex
 
Invoking: Print Size
avr-size --format=avr --mcu=atmega32 main_project.elf
AVR Memory Usage
----------------
Device: atmega32

Program:    5342 bytes (16.3% Full)
(.text + .data + .bootloader)

Data:         10 bytes (0.5% Full)
(.data + .bss + .noinit)


Finished building: sizedummy
 
04:11:21 **** Incremental Build of configuration Debug for project main_project ****
make all 
Building file: ../main.c
Invoking: AVR Compiler
avr-gcc -Wall -g2 -gstabs -O0 -fpack-struct -fshort-enums -ffunction-sections -fdata-sections -std=gnu99 -funsigned-char -funsigned-bitfields -mmcu=atmega32 -DF_CPU=1000000UL -MMD -MP -MF"main.d" -MT"main.o" -c -o "main.o" "../main.c"
In file included from ../main.c:3:
c:/winavr-20100110/lib/gcc/../../avr/include/util/delay.h:90:3: warning: #warning "Compiler optimizations disabled; functions from <util/delay.h> won't work as designed"
Finished building: ../main.c
 
Building target: main_project.elf
Invoking: AVR C Linker
avr-gcc -Wl,-Map,main_project.map -mmcu=atmega32 -o "main_project.elf"  ./main.o   
Finished building target: main_project.elf
 
Invoking: AVR Create Extended Listing
avr-objdump -h -S main_project.elf  >"main_project.lss"
Finished building: main_project.lss
 
Create Flash image (ihex format)
avr-objcopy -R .eeprom -R .fuse -R .lock -R .signature -O ihex main_project.elf  "main_project.hex"
Finished building: main_project.hex
 
Invoking: Print Size
avr-size --format=avr --mcu=atmega32 main_project.elf
AVR Memory Usage
----------------
Device: atmega32

Program:    5170 bytes (15.8% Full)
(.text + .data + .bootloader)

Data:         13 bytes (0.6% Full)
(.data + .bss + .noinit)


Finished building: sizedummy
 
04:22:03 **** Incremental Build of configuration Debug for project main_project ****
make all 
Building file: ../main.c
Invoking: AVR Compiler
avr-gcc -Wall -g2 -gstabs -O0 -fpack-struct -fshort-enums -ffunction-sections -fdata-sections -std=gnu99 -funsigned-char -funsigned-bitfields -mmcu=atmega32 -DF_CPU=1000000UL -MMD -MP -MF"main.d" -MT"main.o" -c -o "main.o" "../main.c"
In file included from ../main.c:3:
c:/winavr-20100110/lib/gcc/../../avr/include/util/delay.h:90:3: warning: #warning "Compiler optimizations disabled; functions from <util/delay.h> won't work as designed"
Finished building: ../main.c
 
Building target: main_project.elf
Invoking: AVR C Linker
avr-gcc -Wl,-Map,main_project.map -mmcu=atmega32 -o "main_project.elf"  ./main.o   
Finished building target: main_project.elf
 
Invoking: AVR Create Extended Listing
avr-objdump -h -S main_project.elf  >"main_project.lss"
Finished building: main_project.lss
 
Create Flash image (ihex format)
avr-objcopy -R .eeprom -R .fuse -R .lock -R .signature -O ihex main_project.elf  "main_project.hex"
Finished building: main_project.hex
 
Invoking: Print Size
avr-size --format=avr --mcu=atmega32 main_project.elf
AVR Memory Usage
----------------
Device: atmega32

Program:    5694 bytes (17.4% Full)
(.text + .data + .bootloader)

Data:         19 bytes (0.9% Full)
(.data + .bss + .noinit)


Finished building: sizedummy
 
17:45:00 **** Incremental Build of configuration Debug for project main_project ****
make all 
Building file: ../main.c
Invoking: AVR Compiler
avr-gcc -Wall -g2 -gstabs -O0 -fpack-struct -fshort-enums -ffunction-sections -fdata-sections -std=gnu99 -funsigned-char -funsigned-bitfields -mmcu=atmega32 -DF_CPU=1000000UL -MMD -MP -MF"main.d" -MT"main.o" -c -o "main.o" "../main.c"
In file included from ../main.c:3:
c:/winavr/lib/gcc/../../avr/include/util/delay.h:90:3: warning: #warning "Compiler optimizations disabled; functions from <util/delay.h> won't work as designed"
Finished building: ../main.c
 
Building target: main_project.elf
Invoking: AVR C Linker
avr-gcc -Wl,-Map,main_project.map -mmcu=atmega32 -o "main_project.elf"  ./main.o   
Finished building target: main_project.elf
 
Invoking: AVR Create Extended Listing
avr-objdump -h -S main_project.elf  >"main_project.lss"
Finished building: main_project.lss
 
Create Flash image (ihex format)
avr-objcopy -R .eeprom -R .fuse -R .lock -R .signature -O ihex main_project.elf  "main_project.hex"
Finished building: main_project.hex
 
Invoking: Print Size
avr-size --format=avr --mcu=atmega32 main_project.elf
AVR Memory Usage
----------------
Device: atmega32

Program:    5170 bytes (15.8% Full)
(.text + .data + .bootloader)

Data:         13 bytes (0.6% Full)
(.data + .bss + .noinit)


Finished building: sizedummy
 
17:45:28 **** Incremental Build of configuration Debug for project main_project ****
make all 
Building file: ../main.c
Invoking: AVR Compiler
avr-gcc -Wall -g2 -gstabs -O0 -fpack-struct -fshort-enums -ffunction-sections -fdata-sections -std=gnu99 -funsigned-char -funsigned-bitfields -mmcu=atmega32 -DF_CPU=1000000UL -MMD -MP -MF"main.d" -MT"main.o" -c -o "main.o" "../main.c"
In file included from ../main.c:3:
c:/winavr/lib/gcc/../../avr/include/util/delay.h:90:3: warning: #warning "Compiler optimizations disabled; functions from <util/delay.h> won't work as designed"
Finished building: ../main.c
 
Building target: main_project.elf
Invoking: AVR C Linker
avr-gcc -Wl,-Map,main_project.map -mmcu=atmega32 -o "main_project.elf"  ./main.o   
Finished building target: main_project.elf
 
Invoking: AVR Create Extended Listing
avr-objdump -h -S main_project.elf  >"main_project.lss"
Finished building: main_project.lss
 
Create Flash image (ihex format)
avr-objcopy -R .eeprom -R .fuse -R .lock -R .signature -O ihex main_project.elf  "main_project.hex"
Finished building: main_project.hex
 
Invoking: Print Size
avr-size --format=avr --mcu=atmega32 main_project.elf
AVR Memory Usage
----------------
Device: atmega32

Program:    5168 bytes (15.8% Full)
(.text + .data + .bootloader)

Data:         13 bytes (0.6% Full)
(.data + .bss + .noinit)


Finished building: sizedummy
 
16:19:53 **** Incremental Build of configuration Debug for project main_project ****
make all 
Invoking: Print Size
avr-size --format=avr --mcu=atmega32 main_project.elf
AVR Memory Usage
----------------
Device: atmega32

Program:    5168 bytes (15.8% Full)
(.text + .data + .bootloader)

Data:         13 bytes (0.6% Full)
(.data + .bss + .noinit)


Finished building: sizedummy
 
16:31:03 **** Incremental Build of configuration Debug for project main_project ****
make all 
Building file: ../main.c
Invoking: AVR Compiler
avr-gcc -Wall -g2 -gstabs -O0 -fpack-struct -fshort-enums -ffunction-sections -fdata-sections -std=gnu99 -funsigned-char -funsigned-bitfields -mmcu=atmega32 -DF_CPU=1000000UL -MMD -MP -MF"main.d" -MT"main.o" -c -o "main.o" "../main.c"
In file included from ../main.c:3:
c:/winavr/lib/gcc/../../avr/include/util/delay.h:90:3: warning: #warning "Compiler optimizations disabled; functions from <util/delay.h> won't work as designed"
Finished building: ../main.c
 
Building target: main_project.elf
Invoking: AVR C Linker
avr-gcc -Wl,-Map,main_project.map -mmcu=atmega32 -o "main_project.elf"  ./main.o   
Finished building target: main_project.elf
 
Invoking: AVR Create Extended Listing
avr-objdump -h -S main_project.elf  >"main_project.lss"
Finished building: main_project.lss
 
Create Flash image (ihex format)
avr-objcopy -R .eeprom -R .fuse -R .lock -R .signature -O ihex main_project.elf  "main_project.hex"
Finished building: main_project.hex
 
Invoking: Print Size
avr-size --format=avr --mcu=atmega32 main_project.elf
AVR Memory Usage
----------------
Device: atmega32

Program:    5276 bytes (16.1% Full)
(.text + .data + .bootloader)

Data:         13 bytes (0.6% Full)
(.data + .bss + .noinit)


Finished building: sizedummy
 
16:31:24 **** Incremental Build of configuration Debug for project main_project ****
make all 
Building file: ../main.c
Invoking: AVR Compiler
avr-gcc -Wall -g2 -gstabs -O0 -fpack-struct -fshort-enums -ffunction-sections -fdata-sections -std=gnu99 -funsigned-char -funsigned-bitfields -mmcu=atmega32 -DF_CPU=1000000UL -MMD -MP -MF"main.d" -MT"main.o" -c -o "main.o" "../main.c"
In file included from ../main.c:3:
c:/winavr/lib/gcc/../../avr/include/util/delay.h:90:3: warning: #warning "Compiler optimizations disabled; functions from <util/delay.h> won't work as designed"
Finished building: ../main.c
 
Building target: main_project.elf
Invoking: AVR C Linker
avr-gcc -Wl,-Map,main_project.map -mmcu=atmega32 -o "main_project.elf"  ./main.o   
Finished building target: main_project.elf
 
Invoking: AVR Create Extended Listing
avr-objdump -h -S main_project.elf  >"main_project.lss"
Finished building: main_project.lss
 
Create Flash image (ihex format)
avr-objcopy -R .eeprom -R .fuse -R .lock -R .signature -O ihex main_project.elf  "main_project.hex"
Finished building: main_project.hex
 
Invoking: Print Size
avr-size --format=avr --mcu=atmega32 main_project.elf
AVR Memory Usage
----------------
Device: atmega32

Program:    5284 bytes (16.1% Full)
(.text + .data + .bootloader)

Data:         13 bytes (0.6% Full)
(.data + .bss + .noinit)


Finished building: sizedummy
 
16:31:59 **** Incremental Build of configuration Debug for project main_project ****
make all 
Building file: ../main.c
Invoking: AVR Compiler
avr-gcc -Wall -g2 -gstabs -O0 -fpack-struct -fshort-enums -ffunction-sections -fdata-sections -std=gnu99 -funsigned-char -funsigned-bitfields -mmcu=atmega32 -DF_CPU=1000000UL -MMD -MP -MF"main.d" -MT"main.o" -c -o "main.o" "../main.c"
In file included from ../main.c:3:
c:/winavr/lib/gcc/../../avr/include/util/delay.h:90:3: warning: #warning "Compiler optimizations disabled; functions from <util/delay.h> won't work as designed"
Finished building: ../main.c
 
Building target: main_project.elf
Invoking: AVR C Linker
avr-gcc -Wl,-Map,main_project.map -mmcu=atmega32 -o "main_project.elf"  ./main.o   
Finished building target: main_project.elf
 
Invoking: AVR Create Extended Listing
avr-objdump -h -S main_project.elf  >"main_project.lss"
Finished building: main_project.lss
 
Create Flash image (ihex format)
avr-objcopy -R .eeprom -R .fuse -R .lock -R .signature -O ihex main_project.elf  "main_project.hex"
Finished building: main_project.hex
 
Invoking: Print Size
avr-size --format=avr --mcu=atmega32 main_project.elf
AVR Memory Usage
----------------
Device: atmega32

Program:    5296 bytes (16.2% Full)
(.text + .data + .bootloader)

Data:         13 bytes (0.6% Full)
(.data + .bss + .noinit)


Finished building: sizedummy
 
16:34:29 **** Incremental Build of configuration Debug for project main_project ****
make all 
Building file: ../main.c
Invoking: AVR Compiler
avr-gcc -Wall -g2 -gstabs -O0 -fpack-struct -fshort-enums -ffunction-sections -fdata-sections -std=gnu99 -funsigned-char -funsigned-bitfields -mmcu=atmega32 -DF_CPU=1000000UL -MMD -MP -MF"main.d" -MT"main.o" -c -o "main.o" "../main.c"
In file included from ../main.c:3:
c:/winavr/lib/gcc/../../avr/include/util/delay.h:90:3: warning: #warning "Compiler optimizations disabled; functions from <util/delay.h> won't work as designed"
Finished building: ../main.c
 
Building target: main_project.elf
Invoking: AVR C Linker
avr-gcc -Wl,-Map,main_project.map -mmcu=atmega32 -o "main_project.elf"  ./main.o   
Finished building target: main_project.elf
 
Invoking: AVR Create Extended Listing
avr-objdump -h -S main_project.elf  >"main_project.lss"
Finished building: main_project.lss
 
Create Flash image (ihex format)
avr-objcopy -R .eeprom -R .fuse -R .lock -R .signature -O ihex main_project.elf  "main_project.hex"
Finished building: main_project.hex
 
Invoking: Print Size
avr-size --format=avr --mcu=atmega32 main_project.elf
AVR Memory Usage
----------------
Device: atmega32

Program:    5300 bytes (16.2% Full)
(.text + .data + .bootloader)

Data:         13 bytes (0.6% Full)
(.data + .bss + .noinit)


Finished building: sizedummy
 
16:35:38 **** Incremental Build of configuration Debug for project main_project ****
make all 
Building file: ../main.c
Invoking: AVR Compiler
avr-gcc -Wall -g2 -gstabs -O0 -fpack-struct -fshort-enums -ffunction-sections -fdata-sections -std=gnu99 -funsigned-char -funsigned-bitfields -mmcu=atmega32 -DF_CPU=1000000UL -MMD -MP -MF"main.d" -MT"main.o" -c -o "main.o" "../main.c"
In file included from ../main.c:3:
c:/winavr/lib/gcc/../../avr/include/util/delay.h:90:3: warning: #warning "Compiler optimizations disabled; functions from <util/delay.h> won't work as designed"
Finished building: ../main.c
 
Building target: main_project.elf
Invoking: AVR C Linker
avr-gcc -Wl,-Map,main_project.map -mmcu=atmega32 -o "main_project.elf"  ./main.o   
Finished building target: main_project.elf
 
Invoking: AVR Create Extended Listing
avr-objdump -h -S main_project.elf  >"main_project.lss"
Finished building: main_project.lss
 
Create Flash image (ihex format)
avr-objcopy -R .eeprom -R .fuse -R .lock -R .signature -O ihex main_project.elf  "main_project.hex"
Finished building: main_project.hex
 
Invoking: Print Size
avr-size --format=avr --mcu=atmega32 main_project.elf
AVR Memory Usage
----------------
Device: atmega32

Program:    5300 bytes (16.2% Full)
(.text + .data + .bootloader)

Data:         13 bytes (0.6% Full)
(.data + .bss + .noinit)


Finished building: sizedummy
 
16:37:09 **** Incremental Build of configuration Debug for project main_project ****
make all 
Building file: ../main.c
Invoking: AVR Compiler
avr-gcc -Wall -g2 -gstabs -O0 -fpack-struct -fshort-enums -ffunction-sections -fdata-sections -std=gnu99 -funsigned-char -funsigned-bitfields -mmcu=atmega32 -DF_CPU=1000000UL -MMD -MP -MF"main.d" -MT"main.o" -c -o "main.o" "../main.c"
In file included from ../main.c:3:
c:/winavr/lib/gcc/../../avr/include/util/delay.h:90:3: warning: #warning "Compiler optimizations disabled; functions from <util/delay.h> won't work as designed"
Finished building: ../main.c
 
Building target: main_project.elf
Invoking: AVR C Linker
avr-gcc -Wl,-Map,main_project.map -mmcu=atmega32 -o "main_project.elf"  ./main.o   
Finished building target: main_project.elf
 
Invoking: AVR Create Extended Listing
avr-objdump -h -S main_project.elf  >"main_project.lss"
Finished building: main_project.lss
 
Create Flash image (ihex format)
avr-objcopy -R .eeprom -R .fuse -R .lock -R .signature -O ihex main_project.elf  "main_project.hex"
Finished building: main_project.hex
 
Invoking: Print Size
avr-size --format=avr --mcu=atmega32 main_project.elf
AVR Memory Usage
----------------
Device: atmega32

Program:    5842 bytes (17.8% Full)
(.text + .data + .bootloader)

Data:         19 bytes (0.9% Full)
(.data + .bss + .noinit)


Finished building: sizedummy
 
16:37:44 **** Incremental Build of configuration Debug for project main_project ****
make all 
Building file: ../main.c
Invoking: AVR Compiler
avr-gcc -Wall -g2 -gstabs -O0 -fpack-struct -fshort-enums -ffunction-sections -fdata-sections -std=gnu99 -funsigned-char -funsigned-bitfields -mmcu=atmega32 -DF_CPU=1000000UL -MMD -MP -MF"main.d" -MT"main.o" -c -o "main.o" "../main.c"
In file included from ../main.c:3:
c:/winavr/lib/gcc/../../avr/include/util/delay.h:90:3: warning: #warning "Compiler optimizations disabled; functions from <util/delay.h> won't work as designed"
Finished building: ../main.c
 
Building target: main_project.elf
Invoking: AVR C Linker
avr-gcc -Wl,-Map,main_project.map -mmcu=atmega32 -o "main_project.elf"  ./main.o   
Finished building target: main_project.elf
 
Invoking: AVR Create Extended Listing
avr-objdump -h -S main_project.elf  >"main_project.lss"
Finished building: main_project.lss
 
Create Flash image (ihex format)
avr-objcopy -R .eeprom -R .fuse -R .lock -R .signature -O ihex main_project.elf  "main_project.hex"
Finished building: main_project.hex
 
Invoking: Print Size
avr-size --format=avr --mcu=atmega32 main_project.elf
AVR Memory Usage
----------------
Device: atmega32

Program:   13208 bytes (40.3% Full)
(.text + .data + .bootloader)

Data:        275 bytes (13.4% Full)
(.data + .bss + .noinit)


Finished building: sizedummy
 
16:58:29 **** Incremental Build of configuration Debug for project main_project ****
make all 
Building file: ../main.c
Invoking: AVR Compiler
avr-gcc -Wall -g2 -gstabs -O0 -fpack-struct -fshort-enums -ffunction-sections -fdata-sections -std=gnu99 -funsigned-char -funsigned-bitfields -mmcu=atmega32 -DF_CPU=1000000UL -MMD -MP -MF"main.d" -MT"main.o" -c -o "main.o" "../main.c"
In file included from ../main.c:3:
c:/winavr/lib/gcc/../../avr/include/util/delay.h:90:3: warning: #warning "Compiler optimizations disabled; functions from <util/delay.h> won't work as designed"
Finished building: ../main.c
 
Building target: main_project.elf
Invoking: AVR C Linker
avr-gcc -Wl,-Map,main_project.map -mmcu=atmega32 -o "main_project.elf"  ./main.o   
Finished building target: main_project.elf
 
Invoking: AVR Create Extended Listing
avr-objdump -h -S main_project.elf  >"main_project.lss"
Finished building: main_project.lss
 
Create Flash image (ihex format)
avr-objcopy -R .eeprom -R .fuse -R .lock -R .signature -O ihex main_project.elf  "main_project.hex"
Finished building: main_project.hex
 
Invoking: Print Size
avr-size --format=avr --mcu=atmega32 main_project.elf
AVR Memory Usage
----------------
Device: atmega32

Program:   13330 bytes (40.7% Full)
(.text + .data + .bootloader)

Data:        275 bytes (13.4% Full)
(.data + .bss + .noinit)


Finished building: sizedummy
 
17:01:23 **** Incremental Build of configuration Debug for project main_project ****
make all 
Building file: ../main.c
Invoking: AVR Compiler
avr-gcc -Wall -g2 -gstabs -O0 -fpack-struct -fshort-enums -ffunction-sections -fdata-sections -std=gnu99 -funsigned-char -funsigned-bitfields -mmcu=atmega32 -DF_CPU=1000000UL -MMD -MP -MF"main.d" -MT"main.o" -c -o "main.o" "../main.c"
In file included from ../main.c:3:
c:/winavr/lib/gcc/../../avr/include/util/delay.h:90:3: warning: #warning "Compiler optimizations disabled; functions from <util/delay.h> won't work as designed"
Finished building: ../main.c
 
Building target: main_project.elf
Invoking: AVR C Linker
avr-gcc -Wl,-Map,main_project.map -mmcu=atmega32 -o "main_project.elf"  ./main.o   
Finished building target: main_project.elf
 
Invoking: AVR Create Extended Listing
avr-objdump -h -S main_project.elf  >"main_project.lss"
Finished building: main_project.lss
 
Create Flash image (ihex format)
avr-objcopy -R .eeprom -R .fuse -R .lock -R .signature -O ihex main_project.elf  "main_project.hex"
Finished building: main_project.hex
 
Invoking: Print Size
avr-size --format=avr --mcu=atmega32 main_project.elf
AVR Memory Usage
----------------
Device: atmega32

Program:   13344 bytes (40.7% Full)
(.text + .data + .bootloader)

Data:        275 bytes (13.4% Full)
(.data + .bss + .noinit)


Finished building: sizedummy
 
17:01:46 **** Incremental Build of configuration Debug for project main_project ****
make all 
Invoking: Print Size
avr-size --format=avr --mcu=atmega32 main_project.elf
AVR Memory Usage
----------------
Device: atmega32

Program:   13344 bytes (40.7% Full)
(.text + .data + .bootloader)

Data:        275 bytes (13.4% Full)
(.data + .bss + .noinit)


Finished building: sizedummy
 
17:07:09 **** Incremental Build of configuration Debug for project main_project ****
make all 
Building file: ../main.c
Invoking: AVR Compiler
avr-gcc -Wall -g2 -gstabs -O0 -fpack-struct -fshort-enums -ffunction-sections -fdata-sections -std=gnu99 -funsigned-char -funsigned-bitfields -mmcu=atmega32 -DF_CPU=1000000UL -MMD -MP -MF"main.d" -MT"main.o" -c -o "main.o" "../main.c"
In file included from ../main.c:3:
c:/winavr/lib/gcc/../../avr/include/util/delay.h:90:3: warning: #warning "Compiler optimizations disabled; functions from <util/delay.h> won't work as designed"
../main.c: In function 'main':
../main.c:60: error: 'duumy' undeclared (first use in this function)
../main.c:60: error: (Each undeclared identifier is reported only once
../main.c:60: error: for each function it appears in.)
make: *** [main.o] Error 1
"make all" terminated with exit code 2. Build might be incomplete.
17:07:17 **** Incremental Build of configuration Debug for project main_project ****
make all 
Building file: ../main.c
Invoking: AVR Compiler
avr-gcc -Wall -g2 -gstabs -O0 -fpack-struct -fshort-enums -ffunction-sections -fdata-sections -std=gnu99 -funsigned-char -funsigned-bitfields -mmcu=atmega32 -DF_CPU=1000000UL -MMD -MP -MF"main.d" -MT"main.o" -c -o "main.o" "../main.c"
In file included from ../main.c:3:
c:/winavr/lib/gcc/../../avr/include/util/delay.h:90:3: warning: #warning "Compiler optimizations disabled; functions from <util/delay.h> won't work as designed"
../main.c: In function 'main':
../main.c:60: error: 'duumy' undeclared (first use in this function)
../main.c:60: error: (Each undeclared identifier is reported only once
../main.c:60: error: for each function it appears in.)
make: *** [main.o] Error 1
"make all" terminated with exit code 2. Build might be incomplete.
17:07:28 **** Incremental Build of configuration Debug for project main_project ****
make all 
Building file: ../main.c
Invoking: AVR Compiler
avr-gcc -Wall -g2 -gstabs -O0 -fpack-struct -fshort-enums -ffunction-sections -fdata-sections -std=gnu99 -funsigned-char -funsigned-bitfields -mmcu=atmega32 -DF_CPU=1000000UL -MMD -MP -MF"main.d" -MT"main.o" -c -o "main.o" "../main.c"
In file included from ../main.c:3:
c:/winavr/lib/gcc/../../avr/include/util/delay.h:90:3: warning: #warning "Compiler optimizations disabled; functions from <util/delay.h> won't work as designed"
Finished building: ../main.c
 
Building target: main_project.elf
Invoking: AVR C Linker
avr-gcc -Wl,-Map,main_project.map -mmcu=atmega32 -o "main_project.elf"  ./main.o   
Finished building target: main_project.elf
 
Invoking: AVR Create Extended Listing
avr-objdump -h -S main_project.elf  >"main_project.lss"
Finished building: main_project.lss
 
Create Flash image (ihex format)
avr-objcopy -R .eeprom -R .fuse -R .lock -R .signature -O ihex main_project.elf  "main_project.hex"
Finished building: main_project.hex
 
Invoking: Print Size
avr-size --format=avr --mcu=atmega32 main_project.elf
AVR Memory Usage
----------------
Device: atmega32

Program:   13358 bytes (40.8% Full)
(.text + .data + .bootloader)

Data:        277 bytes (13.5% Full)
(.data + .bss + .noinit)


Finished building: sizedummy
 
17:08:23 **** Incremental Build of configuration Debug for project main_project ****
make all 
Building file: ../main.c
Invoking: AVR Compiler
avr-gcc -Wall -g2 -gstabs -O0 -fpack-struct -fshort-enums -ffunction-sections -fdata-sections -std=gnu99 -funsigned-char -funsigned-bitfields -mmcu=atmega32 -DF_CPU=1000000UL -MMD -MP -MF"main.d" -MT"main.o" -c -o "main.o" "../main.c"
In file included from ../main.c:3:
c:/winavr/lib/gcc/../../avr/include/util/delay.h:90:3: warning: #warning "Compiler optimizations disabled; functions from <util/delay.h> won't work as designed"
Finished building: ../main.c
 
Building target: main_project.elf
Invoking: AVR C Linker
avr-gcc -Wl,-Map,main_project.map -mmcu=atmega32 -o "main_project.elf"  ./main.o   
Finished building target: main_project.elf
 
Invoking: AVR Create Extended Listing
avr-objdump -h -S main_project.elf  >"main_project.lss"
Finished building: main_project.lss
 
Create Flash image (ihex format)
avr-objcopy -R .eeprom -R .fuse -R .lock -R .signature -O ihex main_project.elf  "main_project.hex"
Finished building: main_project.hex
 
Invoking: Print Size
avr-size --format=avr --mcu=atmega32 main_project.elf
AVR Memory Usage
----------------
Device: atmega32

Program:   13362 bytes (40.8% Full)
(.text + .data + .bootloader)

Data:        277 bytes (13.5% Full)
(.data + .bss + .noinit)


Finished building: sizedummy
 
17:08:49 **** Incremental Build of configuration Debug for project main_project ****
make all 
Building file: ../main.c
Invoking: AVR Compiler
avr-gcc -Wall -g2 -gstabs -O0 -fpack-struct -fshort-enums -ffunction-sections -fdata-sections -std=gnu99 -funsigned-char -funsigned-bitfields -mmcu=atmega32 -DF_CPU=1000000UL -MMD -MP -MF"main.d" -MT"main.o" -c -o "main.o" "../main.c"
In file included from ../main.c:3:
c:/winavr/lib/gcc/../../avr/include/util/delay.h:90:3: warning: #warning "Compiler optimizations disabled; functions from <util/delay.h> won't work as designed"
Finished building: ../main.c
 
Building target: main_project.elf
Invoking: AVR C Linker
avr-gcc -Wl,-Map,main_project.map -mmcu=atmega32 -o "main_project.elf"  ./main.o   
Finished building target: main_project.elf
 
Invoking: AVR Create Extended Listing
avr-objdump -h -S main_project.elf  >"main_project.lss"
Finished building: main_project.lss
 
Create Flash image (ihex format)
avr-objcopy -R .eeprom -R .fuse -R .lock -R .signature -O ihex main_project.elf  "main_project.hex"
Finished building: main_project.hex
 
Invoking: Print Size
avr-size --format=avr --mcu=atmega32 main_project.elf
AVR Memory Usage
----------------
Device: atmega32

Program:   13348 bytes (40.7% Full)
(.text + .data + .bootloader)

Data:        275 bytes (13.4% Full)
(.data + .bss + .noinit)


Finished building: sizedummy
 
19:30:59 **** Incremental Build of configuration Debug for project main_project ****
make all 
Building file: ../main.c
Invoking: AVR Compiler
avr-gcc -Wall -g2 -gstabs -O0 -fpack-struct -fshort-enums -ffunction-sections -fdata-sections -std=gnu99 -funsigned-char -funsigned-bitfields -mmcu=atmega32 -DF_CPU=1000000UL -MMD -MP -MF"main.d" -MT"main.o" -c -o "main.o" "../main.c"
In file included from ../main.c:3:
c:/winavr/lib/gcc/../../avr/include/util/delay.h:90:3: warning: #warning "Compiler optimizations disabled; functions from <util/delay.h> won't work as designed"
Finished building: ../main.c
 
Building target: main_project.elf
Invoking: AVR C Linker
avr-gcc -Wl,-Map,main_project.map -mmcu=atmega32 -o "main_project.elf"  ./main.o   
Finished building target: main_project.elf
 
Invoking: AVR Create Extended Listing
avr-objdump -h -S main_project.elf  >"main_project.lss"
Finished building: main_project.lss
 
Create Flash image (ihex format)
avr-objcopy -R .eeprom -R .fuse -R .lock -R .signature -O ihex main_project.elf  "main_project.hex"
Finished building: main_project.hex
 
Invoking: Print Size
avr-size --format=avr --mcu=atmega32 main_project.elf
AVR Memory Usage
----------------
Device: atmega32

Program:   13474 bytes (41.1% Full)
(.text + .data + .bootloader)

Data:        275 bytes (13.4% Full)
(.data + .bss + .noinit)


Finished building: sizedummy
 
19:33:14 **** Incremental Build of configuration Debug for project main_project ****
make all 
Building file: ../main.c
Invoking: AVR Compiler
avr-gcc -Wall -g2 -gstabs -O0 -fpack-struct -fshort-enums -ffunction-sections -fdata-sections -std=gnu99 -funsigned-char -funsigned-bitfields -mmcu=atmega32 -DF_CPU=1000000UL -MMD -MP -MF"main.d" -MT"main.o" -c -o "main.o" "../main.c"
In file included from ../main.c:3:
c:/winavr/lib/gcc/../../avr/include/util/delay.h:90:3: warning: #warning "Compiler optimizations disabled; functions from <util/delay.h> won't work as designed"
Finished building: ../main.c
 
Building target: main_project.elf
Invoking: AVR C Linker
avr-gcc -Wl,-Map,main_project.map -mmcu=atmega32 -o "main_project.elf"  ./main.o   
Finished building target: main_project.elf
 
Invoking: AVR Create Extended Listing
avr-objdump -h -S main_project.elf  >"main_project.lss"
Finished building: main_project.lss
 
Create Flash image (ihex format)
avr-objcopy -R .eeprom -R .fuse -R .lock -R .signature -O ihex main_project.elf  "main_project.hex"
Finished building: main_project.hex
 
Invoking: Print Size
avr-size --format=avr --mcu=atmega32 main_project.elf
AVR Memory Usage
----------------
Device: atmega32

Program:   13486 bytes (41.2% Full)
(.text + .data + .bootloader)

Data:        275 bytes (13.4% Full)
(.data + .bss + .noinit)


Finished building: sizedummy
 
