19:33:14 **** Incremental Build of configuration Debug for project main_project ****
make all 
Building file: ../main.c
Invoking: AVR Compiler
avr-gcc -Wall -g2 -gstabs -O0 -fpack-struct -fshort-enums -ffunction-sections -fdata-sections -std=gnu99 -funsigned-char -funsigned-bitfields -mmcu=atmega32 -DF_CPU=1000000UL -MMD -MP -MF"main.d" -MT"main.o" -c -o "main.o" "../main.c"
In file included from ../main.c:3:
c:/winavr/lib/gcc/../../avr/include/util/delay.h:90:3: warning: #warning "Compiler optimizations disabled; functions from <util/delay.h> won't work as designed"
Finished building: ../main.c
 
Building target: main_project.elf
Invoking: AVR C Linker
avr-gcc -Wl,-Map,main_project.map -mmcu=atmega32 -o "main_project.elf"  ./main.o   
Finished building target: main_project.elf
 
Invoking: AVR Create Extended Listing
avr-objdump -h -S main_project.elf  >"main_project.lss"
Finished building: main_project.lss
 
Create Flash image (ihex format)
avr-objcopy -R .eeprom -R .fuse -R .lock -R .signature -O ihex main_project.elf  "main_project.hex"
Finished building: main_project.hex
 
Invoking: Print Size
avr-size --format=avr --mcu=atmega32 main_project.elf
AVR Memory Usage
----------------
Device: atmega32

Program:   13486 bytes (41.2% Full)
(.text + .data + .bootloader)

Data:        275 bytes (13.4% Full)
(.data + .bss + .noinit)


Finished building: sizedummy
 

19:33:14 Build Finished. 0 errors, 1 warnings. (took 654ms)

